{"/Users/ijonghyeon/Desktop/Desktop/woowa/javascript-christmas-6-JonghyunLEE12/src/App.js": {"path":"/Users/ijonghyeon/Desktop/Desktop/woowa/javascript-christmas-6-JonghyunLEE12/src/App.js","statementMap":{"0":{"start":{"line":7,"column":4},"end":{"line":7,"column":44}},"1":{"start":{"line":11,"column":4},"end":{"line":11,"column":39}}},"fnMap":{"0":{"name":"(anonymous_0)","decl":{"start":{"line":6,"column":2},"end":{"line":6,"column":3}},"loc":{"start":{"line":6,"column":16},"end":{"line":8,"column":3}},"line":6},"1":{"name":"(anonymous_1)","decl":{"start":{"line":10,"column":2},"end":{"line":10,"column":3}},"loc":{"start":{"line":10,"column":14},"end":{"line":12,"column":3}},"line":10}},"branchMap":{},"s":{"0":4,"1":4},"f":{"0":4,"1":4},"b":{},"_coverageSchema":"1a1c01bbd47fc00a2c39e90264f33305004495a9","hash":"e74de94c5089dabcce5567e28f2874d9bd6d2a9f"}
,"/Users/ijonghyeon/Desktop/Desktop/woowa/javascript-christmas-6-JonghyunLEE12/src/domain/constants/Constants.js": {"path":"/Users/ijonghyeon/Desktop/Desktop/woowa/javascript-christmas-6-JonghyunLEE12/src/domain/constants/Constants.js","statementMap":{"0":{"start":{"line":1,"column":27},"end":{"line":7,"column":1}},"1":{"start":{"line":9,"column":27},"end":{"line":20,"column":1}},"2":{"start":{"line":22,"column":27},"end":{"line":34,"column":1}},"3":{"start":{"line":23,"column":25},"end":{"line":23,"column":46}},"4":{"start":{"line":24,"column":34},"end":{"line":24,"column":61}}},"fnMap":{"0":{"name":"(anonymous_0)","decl":{"start":{"line":23,"column":11},"end":{"line":23,"column":12}},"loc":{"start":{"line":23,"column":25},"end":{"line":23,"column":46}},"line":23},"1":{"name":"(anonymous_1)","decl":{"start":{"line":24,"column":20},"end":{"line":24,"column":21}},"loc":{"start":{"line":24,"column":34},"end":{"line":24,"column":61}},"line":24}},"branchMap":{},"s":{"0":2,"1":2,"2":2,"3":12,"4":9},"f":{"0":12,"1":9},"b":{},"_coverageSchema":"1a1c01bbd47fc00a2c39e90264f33305004495a9","hash":"55b12a251f015d0dc8107bc2e13b4a1271b97226"}
,"/Users/ijonghyeon/Desktop/Desktop/woowa/javascript-christmas-6-JonghyunLEE12/src/domain/constants/FoodMenu.js": {"path":"/Users/ijonghyeon/Desktop/Desktop/woowa/javascript-christmas-6-JonghyunLEE12/src/domain/constants/FoodMenu.js","statementMap":{"0":{"start":{"line":16,"column":25},"end":{"line":37,"column":1}}},"fnMap":{},"branchMap":{},"s":{"0":3},"f":{},"b":{},"_coverageSchema":"1a1c01bbd47fc00a2c39e90264f33305004495a9","hash":"bfbdd6388684f7d842204194c8662138ac114402"}
,"/Users/ijonghyeon/Desktop/Desktop/woowa/javascript-christmas-6-JonghyunLEE12/src/domain/constants/PlannerMsg.js": {"path":"/Users/ijonghyeon/Desktop/Desktop/woowa/javascript-christmas-6-JonghyunLEE12/src/domain/constants/PlannerMsg.js","statementMap":{"0":{"start":{"line":1,"column":26},"end":{"line":12,"column":1}},"1":{"start":{"line":4,"column":4},"end":{"line":4,"column":47}},"2":{"start":{"line":14,"column":21},"end":{"line":20,"column":1}},"3":{"start":{"line":22,"column":25},"end":{"line":27,"column":1}},"4":{"start":{"line":29,"column":25},"end":{"line":35,"column":1}},"5":{"start":{"line":37,"column":26},"end":{"line":69,"column":1}},"6":{"start":{"line":38,"column":24},"end":{"line":38,"column":50}},"7":{"start":{"line":39,"column":27},"end":{"line":39,"column":56}},"8":{"start":{"line":40,"column":25},"end":{"line":40,"column":59}},"9":{"start":{"line":43,"column":25},"end":{"line":49,"column":5}},"10":{"start":{"line":50,"column":4},"end":{"line":50,"column":34}},"11":{"start":{"line":53,"column":4},"end":{"line":53,"column":62}},"12":{"start":{"line":56,"column":28},"end":{"line":56,"column":58}},"13":{"start":{"line":58,"column":4},"end":{"line":60,"column":5}},"14":{"start":{"line":59,"column":6},"end":{"line":59,"column":18}},"15":{"start":{"line":61,"column":4},"end":{"line":63,"column":5}},"16":{"start":{"line":62,"column":6},"end":{"line":62,"column":17}},"17":{"start":{"line":64,"column":4},"end":{"line":66,"column":5}},"18":{"start":{"line":65,"column":6},"end":{"line":65,"column":18}},"19":{"start":{"line":67,"column":4},"end":{"line":67,"column":16}}},"fnMap":{"0":{"name":"(anonymous_0)","decl":{"start":{"line":3,"column":15},"end":{"line":3,"column":16}},"loc":{"start":{"line":4,"column":4},"end":{"line":4,"column":47}},"line":4},"1":{"name":"(anonymous_1)","decl":{"start":{"line":38,"column":13},"end":{"line":38,"column":14}},"loc":{"start":{"line":38,"column":24},"end":{"line":38,"column":50}},"line":38},"2":{"name":"(anonymous_2)","decl":{"start":{"line":39,"column":15},"end":{"line":39,"column":16}},"loc":{"start":{"line":39,"column":27},"end":{"line":39,"column":56}},"line":39},"3":{"name":"(anonymous_3)","decl":{"start":{"line":40,"column":12},"end":{"line":40,"column":13}},"loc":{"start":{"line":40,"column":25},"end":{"line":40,"column":59}},"line":40},"4":{"name":"(anonymous_4)","decl":{"start":{"line":42,"column":15},"end":{"line":42,"column":16}},"loc":{"start":{"line":42,"column":26},"end":{"line":51,"column":3}},"line":42},"5":{"name":"(anonymous_5)","decl":{"start":{"line":52,"column":16},"end":{"line":52,"column":17}},"loc":{"start":{"line":52,"column":27},"end":{"line":54,"column":3}},"line":52},"6":{"name":"(anonymous_6)","decl":{"start":{"line":56,"column":15},"end":{"line":56,"column":16}},"loc":{"start":{"line":56,"column":28},"end":{"line":56,"column":58}},"line":56},"7":{"name":"(anonymous_7)","decl":{"start":{"line":57,"column":13},"end":{"line":57,"column":14}},"loc":{"start":{"line":57,"column":25},"end":{"line":68,"column":3}},"line":57}},"branchMap":{"0":{"loc":{"start":{"line":40,"column":25},"end":{"line":40,"column":59}},"type":"cond-expr","locations":[{"start":{"line":40,"column":44},"end":{"line":40,"column":52}},{"start":{"line":40,"column":55},"end":{"line":40,"column":59}}],"line":40},"1":{"loc":{"start":{"line":53,"column":11},"end":{"line":53,"column":61}},"type":"cond-expr","locations":[{"start":{"line":53,"column":25},"end":{"line":53,"column":29}},{"start":{"line":53,"column":32},"end":{"line":53,"column":61}}],"line":53},"2":{"loc":{"start":{"line":58,"column":4},"end":{"line":60,"column":5}},"type":"if","locations":[{"start":{"line":58,"column":4},"end":{"line":60,"column":5}},{"start":{},"end":{}}],"line":58},"3":{"loc":{"start":{"line":61,"column":4},"end":{"line":63,"column":5}},"type":"if","locations":[{"start":{"line":61,"column":4},"end":{"line":63,"column":5}},{"start":{},"end":{}}],"line":61},"4":{"loc":{"start":{"line":61,"column":8},"end":{"line":61,"column":40}},"type":"binary-expr","locations":[{"start":{"line":61,"column":8},"end":{"line":61,"column":22}},{"start":{"line":61,"column":26},"end":{"line":61,"column":40}}],"line":61},"5":{"loc":{"start":{"line":64,"column":4},"end":{"line":66,"column":5}},"type":"if","locations":[{"start":{"line":64,"column":4},"end":{"line":66,"column":5}},{"start":{},"end":{}}],"line":64},"6":{"loc":{"start":{"line":64,"column":8},"end":{"line":64,"column":41}},"type":"binary-expr","locations":[{"start":{"line":64,"column":8},"end":{"line":64,"column":23}},{"start":{"line":64,"column":27},"end":{"line":64,"column":41}}],"line":64}},"s":{"0":3,"1":4,"2":3,"3":3,"4":3,"5":3,"6":8,"7":4,"8":4,"9":8,"10":8,"11":4,"12":4,"13":12,"14":4,"15":8,"16":3,"17":5,"18":2,"19":3},"f":{"0":4,"1":8,"2":4,"3":4,"4":8,"5":4,"6":4,"7":12},"b":{"0":[1,3],"1":[1,3],"2":[4,8],"3":[3,5],"4":[8,8],"5":[2,3],"6":[5,5]},"_coverageSchema":"1a1c01bbd47fc00a2c39e90264f33305004495a9","hash":"70859f6d7b45460cc732c51ebfcf3f1cf942c1ae"}
,"/Users/ijonghyeon/Desktop/Desktop/woowa/javascript-christmas-6-JonghyunLEE12/src/domain/controller/PlannerController.js": {"path":"/Users/ijonghyeon/Desktop/Desktop/woowa/javascript-christmas-6-JonghyunLEE12/src/domain/controller/PlannerController.js","statementMap":{"0":{"start":{"line":9,"column":4},"end":{"line":9,"column":42}},"1":{"start":{"line":13,"column":4},"end":{"line":13,"column":53}},"2":{"start":{"line":14,"column":4},"end":{"line":14,"column":32}},"3":{"start":{"line":18,"column":4},"end":{"line":25,"column":5}},"4":{"start":{"line":19,"column":24},"end":{"line":19,"column":50}},"5":{"start":{"line":20,"column":6},"end":{"line":20,"column":46}},"6":{"start":{"line":21,"column":6},"end":{"line":21,"column":31}},"7":{"start":{"line":23,"column":6},"end":{"line":23,"column":43}},"8":{"start":{"line":24,"column":6},"end":{"line":24,"column":35}},"9":{"start":{"line":29,"column":4},"end":{"line":36,"column":5}},"10":{"start":{"line":30,"column":28},"end":{"line":30,"column":54}},"11":{"start":{"line":31,"column":6},"end":{"line":31,"column":50}},"12":{"start":{"line":32,"column":6},"end":{"line":32,"column":33}},"13":{"start":{"line":34,"column":6},"end":{"line":34,"column":43}},"14":{"start":{"line":35,"column":6},"end":{"line":35,"column":31}},"15":{"start":{"line":40,"column":4},"end":{"line":42,"column":6}},"16":{"start":{"line":43,"column":4},"end":{"line":43,"column":26}},"17":{"start":{"line":47,"column":4},"end":{"line":47,"column":52}},"18":{"start":{"line":48,"column":4},"end":{"line":48,"column":64}},"19":{"start":{"line":49,"column":4},"end":{"line":49,"column":29}},"20":{"start":{"line":53,"column":4},"end":{"line":53,"column":54}},"21":{"start":{"line":54,"column":25},"end":{"line":57,"column":5}},"22":{"start":{"line":58,"column":4},"end":{"line":58,"column":63}},"23":{"start":{"line":59,"column":4},"end":{"line":59,"column":34}},"24":{"start":{"line":63,"column":4},"end":{"line":63,"column":51}},"25":{"start":{"line":64,"column":4},"end":{"line":64,"column":56}},"26":{"start":{"line":65,"column":4},"end":{"line":65,"column":37}},"27":{"start":{"line":69,"column":4},"end":{"line":69,"column":54}},"28":{"start":{"line":70,"column":4},"end":{"line":70,"column":66}},"29":{"start":{"line":74,"column":4},"end":{"line":74,"column":44}},"30":{"start":{"line":75,"column":4},"end":{"line":75,"column":41}},"31":{"start":{"line":79,"column":4},"end":{"line":79,"column":55}},"32":{"start":{"line":80,"column":4},"end":{"line":80,"column":67}},"33":{"start":{"line":81,"column":4},"end":{"line":81,"column":36}},"34":{"start":{"line":85,"column":4},"end":{"line":85,"column":50}},"35":{"start":{"line":86,"column":4},"end":{"line":86,"column":61}},"36":{"start":{"line":87,"column":4},"end":{"line":87,"column":39}},"37":{"start":{"line":91,"column":4},"end":{"line":91,"column":53}},"38":{"start":{"line":92,"column":4},"end":{"line":92,"column":65}}},"fnMap":{"0":{"name":"(anonymous_0)","decl":{"start":{"line":8,"column":2},"end":{"line":8,"column":3}},"loc":{"start":{"line":8,"column":16},"end":{"line":10,"column":3}},"line":8},"1":{"name":"(anonymous_1)","decl":{"start":{"line":12,"column":2},"end":{"line":12,"column":3}},"loc":{"start":{"line":12,"column":23},"end":{"line":15,"column":3}},"line":12}},"branchMap":{},"s":{"0":4,"1":4,"2":4,"3":5,"4":5,"5":4,"6":4,"7":1,"8":1,"9":5,"10":5,"11":4,"12":4,"13":1,"14":1,"15":4,"16":4,"17":4,"18":4,"19":4,"20":4,"21":4,"22":4,"23":4,"24":4,"25":4,"26":4,"27":4,"28":4,"29":4,"30":4,"31":4,"32":4,"33":4,"34":4,"35":4,"36":4,"37":4,"38":4},"f":{"0":4,"1":4},"b":{},"_coverageSchema":"1a1c01bbd47fc00a2c39e90264f33305004495a9","hash":"1a73a9dd4047ac9155c092af3ad0bedc4f84a26b"}
,"/Users/ijonghyeon/Desktop/Desktop/woowa/javascript-christmas-6-JonghyunLEE12/src/domain/model/PlannerData.js": {"path":"/Users/ijonghyeon/Desktop/Desktop/woowa/javascript-christmas-6-JonghyunLEE12/src/domain/model/PlannerData.js","statementMap":{"0":{"start":{"line":7,"column":4},"end":{"line":7,"column":22}},"1":{"start":{"line":8,"column":4},"end":{"line":8,"column":32}},"2":{"start":{"line":12,"column":4},"end":{"line":12,"column":27}},"3":{"start":{"line":16,"column":4},"end":{"line":16,"column":30}},"4":{"start":{"line":20,"column":4},"end":{"line":20,"column":33}},"5":{"start":{"line":24,"column":4},"end":{"line":24,"column":60}},"6":{"start":{"line":24,"column":42},"end":{"line":24,"column":58}}},"fnMap":{"0":{"name":"(anonymous_0)","decl":{"start":{"line":6,"column":2},"end":{"line":6,"column":3}},"loc":{"start":{"line":6,"column":31},"end":{"line":9,"column":3}},"line":6},"1":{"name":"(anonymous_1)","decl":{"start":{"line":11,"column":2},"end":{"line":11,"column":3}},"loc":{"start":{"line":11,"column":24},"end":{"line":13,"column":3}},"line":11},"2":{"name":"(anonymous_2)","decl":{"start":{"line":15,"column":2},"end":{"line":15,"column":3}},"loc":{"start":{"line":15,"column":12},"end":{"line":17,"column":3}},"line":15},"3":{"name":"(anonymous_3)","decl":{"start":{"line":19,"column":2},"end":{"line":19,"column":3}},"loc":{"start":{"line":19,"column":25},"end":{"line":21,"column":3}},"line":19},"4":{"name":"(anonymous_4)","decl":{"start":{"line":23,"column":2},"end":{"line":23,"column":3}},"loc":{"start":{"line":23,"column":17},"end":{"line":25,"column":3}},"line":23},"5":{"name":"(anonymous_5)","decl":{"start":{"line":24,"column":31},"end":{"line":24,"column":32}},"loc":{"start":{"line":24,"column":42},"end":{"line":24,"column":58}},"line":24}},"branchMap":{},"s":{"0":12,"1":12,"2":12,"3":16,"4":12,"5":16,"6":33},"f":{"0":12,"1":12,"2":16,"3":12,"4":16,"5":33},"b":{},"_coverageSchema":"1a1c01bbd47fc00a2c39e90264f33305004495a9","hash":"2d02fae60255bf9d30a580bf7a7f3447eb20b677"}
,"/Users/ijonghyeon/Desktop/Desktop/woowa/javascript-christmas-6-JonghyunLEE12/src/domain/utils/InputValidator.js": {"path":"/Users/ijonghyeon/Desktop/Desktop/woowa/javascript-christmas-6-JonghyunLEE12/src/domain/utils/InputValidator.js","statementMap":{"0":{"start":{"line":8,"column":4},"end":{"line":8,"column":54}},"1":{"start":{"line":12,"column":26},"end":{"line":12,"column":61}},"2":{"start":{"line":13,"column":4},"end":{"line":13,"column":31}},"3":{"start":{"line":14,"column":4},"end":{"line":14,"column":30}},"4":{"start":{"line":15,"column":4},"end":{"line":15,"column":31}},"5":{"start":{"line":19,"column":26},"end":{"line":19,"column":48}},"6":{"start":{"line":20,"column":4},"end":{"line":20,"column":30}},"7":{"start":{"line":21,"column":4},"end":{"line":21,"column":47}},"8":{"start":{"line":22,"column":4},"end":{"line":22,"column":30}},"9":{"start":{"line":23,"column":4},"end":{"line":23,"column":35}},"10":{"start":{"line":24,"column":4},"end":{"line":24,"column":31}}},"fnMap":{"0":{"name":"(anonymous_0)","decl":{"start":{"line":7,"column":2},"end":{"line":7,"column":3}},"loc":{"start":{"line":7,"column":16},"end":{"line":9,"column":3}},"line":7},"1":{"name":"(anonymous_1)","decl":{"start":{"line":11,"column":2},"end":{"line":11,"column":3}},"loc":{"start":{"line":11,"column":27},"end":{"line":16,"column":3}},"line":11},"2":{"name":"(anonymous_2)","decl":{"start":{"line":18,"column":2},"end":{"line":18,"column":3}},"loc":{"start":{"line":18,"column":27},"end":{"line":25,"column":3}},"line":18}},"branchMap":{},"s":{"0":3,"1":15,"2":15,"3":9,"4":7,"5":19,"6":19,"7":16,"8":9,"9":8,"10":7},"f":{"0":3,"1":15,"2":19},"b":{},"_coverageSchema":"1a1c01bbd47fc00a2c39e90264f33305004495a9","hash":"f49a6f7e9478dfc3c5de65e7d664fe6a831cd2ba"}
,"/Users/ijonghyeon/Desktop/Desktop/woowa/javascript-christmas-6-JonghyunLEE12/src/domain/utils/PlannerUtills.js": {"path":"/Users/ijonghyeon/Desktop/Desktop/woowa/javascript-christmas-6-JonghyunLEE12/src/domain/utils/PlannerUtills.js","statementMap":{"0":{"start":{"line":18,"column":4},"end":{"line":18,"column":32}},"1":{"start":{"line":19,"column":4},"end":{"line":19,"column":30}},"2":{"start":{"line":20,"column":4},"end":{"line":20,"column":75}},"3":{"start":{"line":21,"column":4},"end":{"line":21,"column":41}},"4":{"start":{"line":25,"column":22},"end":{"line":25,"column":24}},"5":{"start":{"line":26,"column":4},"end":{"line":30,"column":7}},"6":{"start":{"line":27,"column":6},"end":{"line":29,"column":9}},"7":{"start":{"line":28,"column":8},"end":{"line":28,"column":37}},"8":{"start":{"line":31,"column":4},"end":{"line":31,"column":38}},"9":{"start":{"line":35,"column":24},"end":{"line":35,"column":26}},"10":{"start":{"line":36,"column":4},"end":{"line":38,"column":7}},"11":{"start":{"line":37,"column":6},"end":{"line":37,"column":63}},"12":{"start":{"line":39,"column":4},"end":{"line":39,"column":61}},"13":{"start":{"line":39,"column":47},"end":{"line":39,"column":59}},"14":{"start":{"line":43,"column":4},"end":{"line":49,"column":5}},"15":{"start":{"line":44,"column":6},"end":{"line":44,"column":57}},"16":{"start":{"line":45,"column":6},"end":{"line":45,"column":54}},"17":{"start":{"line":46,"column":6},"end":{"line":46,"column":59}},"18":{"start":{"line":47,"column":6},"end":{"line":47,"column":59}},"19":{"start":{"line":48,"column":6},"end":{"line":48,"column":55}},"20":{"start":{"line":50,"column":4},"end":{"line":50,"column":27}},"21":{"start":{"line":54,"column":4},"end":{"line":56,"column":5}},"22":{"start":{"line":55,"column":6},"end":{"line":55,"column":35}},"23":{"start":{"line":57,"column":4},"end":{"line":57,"column":56}},"24":{"start":{"line":61,"column":4},"end":{"line":65,"column":5}},"25":{"start":{"line":62,"column":6},"end":{"line":64,"column":8}},"26":{"start":{"line":66,"column":4},"end":{"line":66,"column":33}},"27":{"start":{"line":70,"column":4},"end":{"line":74,"column":5}},"28":{"start":{"line":71,"column":6},"end":{"line":73,"column":8}},"29":{"start":{"line":75,"column":4},"end":{"line":75,"column":33}},"30":{"start":{"line":79,"column":4},"end":{"line":81,"column":5}},"31":{"start":{"line":80,"column":6},"end":{"line":80,"column":41}},"32":{"start":{"line":82,"column":4},"end":{"line":84,"column":5}},"33":{"start":{"line":83,"column":6},"end":{"line":83,"column":41}},"34":{"start":{"line":85,"column":4},"end":{"line":85,"column":33}},"35":{"start":{"line":89,"column":4},"end":{"line":91,"column":5}},"36":{"start":{"line":90,"column":6},"end":{"line":90,"column":34}},"37":{"start":{"line":92,"column":4},"end":{"line":92,"column":33}},"38":{"start":{"line":96,"column":25},"end":{"line":96,"column":28}},"39":{"start":{"line":97,"column":22},"end":{"line":97,"column":76}},"40":{"start":{"line":97,"column":68},"end":{"line":97,"column":75}},"41":{"start":{"line":98,"column":4},"end":{"line":102,"column":7}},"42":{"start":{"line":99,"column":6},"end":{"line":101,"column":7}},"43":{"start":{"line":100,"column":8},"end":{"line":100,"column":43}},"44":{"start":{"line":103,"column":4},"end":{"line":103,"column":66}},"45":{"start":{"line":103,"column":50},"end":{"line":103,"column":64}},"46":{"start":{"line":107,"column":25},"end":{"line":109,"column":5}},"47":{"start":{"line":108,"column":25},"end":{"line":108,"column":39}},"48":{"start":{"line":110,"column":4},"end":{"line":110,"column":24}},"49":{"start":{"line":114,"column":4},"end":{"line":118,"column":5}},"50":{"start":{"line":115,"column":6},"end":{"line":117,"column":8}},"51":{"start":{"line":119,"column":4},"end":{"line":119,"column":60}}},"fnMap":{"0":{"name":"(anonymous_0)","decl":{"start":{"line":17,"column":2},"end":{"line":17,"column":3}},"loc":{"start":{"line":17,"column":35},"end":{"line":22,"column":3}},"line":17},"1":{"name":"(anonymous_1)","decl":{"start":{"line":24,"column":2},"end":{"line":24,"column":3}},"loc":{"start":{"line":24,"column":19},"end":{"line":32,"column":3}},"line":24},"2":{"name":"(anonymous_2)","decl":{"start":{"line":26,"column":37},"end":{"line":26,"column":38}},"loc":{"start":{"line":26,"column":49},"end":{"line":30,"column":5}},"line":26},"3":{"name":"(anonymous_3)","decl":{"start":{"line":27,"column":36},"end":{"line":27,"column":37}},"loc":{"start":{"line":27,"column":46},"end":{"line":29,"column":7}},"line":27},"4":{"name":"(anonymous_4)","decl":{"start":{"line":36,"column":28},"end":{"line":36,"column":29}},"loc":{"start":{"line":36,"column":39},"end":{"line":38,"column":5}},"line":36},"5":{"name":"(anonymous_5)","decl":{"start":{"line":39,"column":30},"end":{"line":39,"column":31}},"loc":{"start":{"line":39,"column":47},"end":{"line":39,"column":59}},"line":39},"6":{"name":"(anonymous_6)","decl":{"start":{"line":42,"column":2},"end":{"line":42,"column":3}},"loc":{"start":{"line":42,"column":17},"end":{"line":51,"column":3}},"line":42},"7":{"name":"(anonymous_7)","decl":{"start":{"line":97,"column":58},"end":{"line":97,"column":59}},"loc":{"start":{"line":97,"column":68},"end":{"line":97,"column":75}},"line":97},"8":{"name":"(anonymous_8)","decl":{"start":{"line":98,"column":28},"end":{"line":98,"column":29}},"loc":{"start":{"line":98,"column":38},"end":{"line":102,"column":5}},"line":98},"9":{"name":"(anonymous_9)","decl":{"start":{"line":103,"column":31},"end":{"line":103,"column":32}},"loc":{"start":{"line":103,"column":50},"end":{"line":103,"column":64}},"line":103},"10":{"name":"(anonymous_10)","decl":{"start":{"line":106,"column":2},"end":{"line":106,"column":3}},"loc":{"start":{"line":106,"column":22},"end":{"line":111,"column":3}},"line":106},"11":{"name":"(anonymous_11)","decl":{"start":{"line":108,"column":6},"end":{"line":108,"column":7}},"loc":{"start":{"line":108,"column":25},"end":{"line":108,"column":39}},"line":108},"12":{"name":"(anonymous_12)","decl":{"start":{"line":113,"column":2},"end":{"line":113,"column":3}},"loc":{"start":{"line":113,"column":21},"end":{"line":120,"column":3}},"line":113}},"branchMap":{"0":{"loc":{"start":{"line":43,"column":4},"end":{"line":49,"column":5}},"type":"if","locations":[{"start":{"line":43,"column":4},"end":{"line":49,"column":5}},{"start":{},"end":{}}],"line":43},"1":{"loc":{"start":{"line":54,"column":4},"end":{"line":56,"column":5}},"type":"if","locations":[{"start":{"line":54,"column":4},"end":{"line":56,"column":5}},{"start":{},"end":{}}],"line":54},"2":{"loc":{"start":{"line":61,"column":4},"end":{"line":65,"column":5}},"type":"if","locations":[{"start":{"line":61,"column":4},"end":{"line":65,"column":5}},{"start":{},"end":{}}],"line":61},"3":{"loc":{"start":{"line":70,"column":4},"end":{"line":74,"column":5}},"type":"if","locations":[{"start":{"line":70,"column":4},"end":{"line":74,"column":5}},{"start":{},"end":{}}],"line":70},"4":{"loc":{"start":{"line":79,"column":4},"end":{"line":81,"column":5}},"type":"if","locations":[{"start":{"line":79,"column":4},"end":{"line":81,"column":5}},{"start":{},"end":{}}],"line":79},"5":{"loc":{"start":{"line":82,"column":4},"end":{"line":84,"column":5}},"type":"if","locations":[{"start":{"line":82,"column":4},"end":{"line":84,"column":5}},{"start":{},"end":{}}],"line":82},"6":{"loc":{"start":{"line":89,"column":4},"end":{"line":91,"column":5}},"type":"if","locations":[{"start":{"line":89,"column":4},"end":{"line":91,"column":5}},{"start":{},"end":{}}],"line":89},"7":{"loc":{"start":{"line":99,"column":6},"end":{"line":101,"column":7}},"type":"if","locations":[{"start":{"line":99,"column":6},"end":{"line":101,"column":7}},{"start":{},"end":{}}],"line":99},"8":{"loc":{"start":{"line":114,"column":4},"end":{"line":118,"column":5}},"type":"if","locations":[{"start":{"line":114,"column":4},"end":{"line":118,"column":5}},{"start":{},"end":{}}],"line":114}},"s":{"0":12,"1":12,"2":12,"3":12,"4":39,"5":39,"6":156,"7":468,"8":39,"9":39,"10":39,"11":82,"12":39,"13":43,"14":10,"15":9,"16":9,"17":9,"18":9,"19":9,"20":10,"21":9,"22":0,"23":9,"24":9,"25":8,"26":1,"27":9,"28":1,"29":8,"30":9,"31":2,"32":7,"33":3,"34":4,"35":9,"36":4,"37":5,"38":9,"39":9,"40":20,"41":9,"42":19,"43":10,"44":9,"45":10,"46":17,"47":68,"48":17,"49":7,"50":2,"51":5},"f":{"0":12,"1":39,"2":156,"3":468,"4":82,"5":43,"6":10,"7":20,"8":19,"9":10,"10":17,"11":68,"12":7},"b":{"0":[9,1],"1":[0,9],"2":[8,1],"3":[1,8],"4":[2,7],"5":[3,4],"6":[4,5],"7":[10,9],"8":[2,5]},"_coverageSchema":"1a1c01bbd47fc00a2c39e90264f33305004495a9","hash":"1a24fa0a521b92e35d1808d4f219e332e5fe41c9"}
,"/Users/ijonghyeon/Desktop/Desktop/woowa/javascript-christmas-6-JonghyunLEE12/src/domain/utils/validator/DateValidate.js": {"path":"/Users/ijonghyeon/Desktop/Desktop/woowa/javascript-christmas-6-JonghyunLEE12/src/domain/utils/validator/DateValidate.js","statementMap":{"0":{"start":{"line":9,"column":4},"end":{"line":9,"column":24}},"1":{"start":{"line":10,"column":4},"end":{"line":10,"column":22}},"2":{"start":{"line":14,"column":4},"end":{"line":16,"column":5}},"3":{"start":{"line":15,"column":6},"end":{"line":15,"column":43}},"4":{"start":{"line":20,"column":4},"end":{"line":22,"column":5}},"5":{"start":{"line":21,"column":6},"end":{"line":21,"column":43}},"6":{"start":{"line":26,"column":4},"end":{"line":28,"column":5}},"7":{"start":{"line":27,"column":6},"end":{"line":27,"column":43}}},"fnMap":{"0":{"name":"(anonymous_0)","decl":{"start":{"line":8,"column":2},"end":{"line":8,"column":3}},"loc":{"start":{"line":8,"column":27},"end":{"line":11,"column":3}},"line":8},"1":{"name":"(anonymous_1)","decl":{"start":{"line":13,"column":2},"end":{"line":13,"column":3}},"loc":{"start":{"line":13,"column":15},"end":{"line":17,"column":3}},"line":13},"2":{"name":"(anonymous_2)","decl":{"start":{"line":19,"column":2},"end":{"line":19,"column":3}},"loc":{"start":{"line":19,"column":14},"end":{"line":23,"column":3}},"line":19},"3":{"name":"(anonymous_3)","decl":{"start":{"line":25,"column":2},"end":{"line":25,"column":3}},"loc":{"start":{"line":25,"column":15},"end":{"line":29,"column":3}},"line":25}},"branchMap":{"0":{"loc":{"start":{"line":14,"column":4},"end":{"line":16,"column":5}},"type":"if","locations":[{"start":{"line":14,"column":4},"end":{"line":16,"column":5}},{"start":{},"end":{}}],"line":14},"1":{"loc":{"start":{"line":20,"column":4},"end":{"line":22,"column":5}},"type":"if","locations":[{"start":{"line":20,"column":4},"end":{"line":22,"column":5}},{"start":{},"end":{}}],"line":20},"2":{"loc":{"start":{"line":26,"column":4},"end":{"line":28,"column":5}},"type":"if","locations":[{"start":{"line":26,"column":4},"end":{"line":28,"column":5}},{"start":{},"end":{}}],"line":26},"3":{"loc":{"start":{"line":26,"column":8},"end":{"line":26,"column":58}},"type":"binary-expr","locations":[{"start":{"line":26,"column":8},"end":{"line":26,"column":31}},{"start":{"line":26,"column":35},"end":{"line":26,"column":58}}],"line":26}},"s":{"0":15,"1":15,"2":15,"3":6,"4":9,"5":2,"6":7,"7":3},"f":{"0":15,"1":15,"2":9,"3":7},"b":{"0":[6,9],"1":[2,7],"2":[3,4],"3":[7,5]},"_coverageSchema":"1a1c01bbd47fc00a2c39e90264f33305004495a9","hash":"e9b2148c9f3ef1511fc090259281d8770080e669"}
,"/Users/ijonghyeon/Desktop/Desktop/woowa/javascript-christmas-6-JonghyunLEE12/src/domain/utils/validator/MenuValidate.js": {"path":"/Users/ijonghyeon/Desktop/Desktop/woowa/javascript-christmas-6-JonghyunLEE12/src/domain/utils/validator/MenuValidate.js","statementMap":{"0":{"start":{"line":12,"column":4},"end":{"line":12,"column":22}},"1":{"start":{"line":13,"column":4},"end":{"line":13,"column":30}},"2":{"start":{"line":14,"column":4},"end":{"line":14,"column":30}},"3":{"start":{"line":18,"column":4},"end":{"line":18,"column":66}},"4":{"start":{"line":19,"column":4},"end":{"line":23,"column":7}},"5":{"start":{"line":20,"column":6},"end":{"line":22,"column":7}},"6":{"start":{"line":21,"column":8},"end":{"line":21,"column":45}},"7":{"start":{"line":27,"column":4},"end":{"line":29,"column":6}},"8":{"start":{"line":28,"column":6},"end":{"line":28,"column":48}},"9":{"start":{"line":31,"column":4},"end":{"line":31,"column":76}},"10":{"start":{"line":31,"column":34},"end":{"line":31,"column":74}},"11":{"start":{"line":35,"column":4},"end":{"line":37,"column":6}},"12":{"start":{"line":36,"column":6},"end":{"line":36,"column":34}},"13":{"start":{"line":41,"column":28},"end":{"line":41,"column":30}},"14":{"start":{"line":42,"column":4},"end":{"line":45,"column":7}},"15":{"start":{"line":43,"column":6},"end":{"line":43,"column":52}},"16":{"start":{"line":44,"column":6},"end":{"line":44,"column":56}},"17":{"start":{"line":47,"column":4},"end":{"line":47,"column":44}},"18":{"start":{"line":51,"column":4},"end":{"line":53,"column":5}},"19":{"start":{"line":52,"column":6},"end":{"line":52,"column":43}},"20":{"start":{"line":54,"column":4},"end":{"line":56,"column":5}},"21":{"start":{"line":55,"column":6},"end":{"line":55,"column":43}},"22":{"start":{"line":58,"column":4},"end":{"line":60,"column":5}},"23":{"start":{"line":59,"column":6},"end":{"line":59,"column":43}},"24":{"start":{"line":64,"column":23},"end":{"line":64,"column":66}},"25":{"start":{"line":64,"column":53},"end":{"line":64,"column":65}},"26":{"start":{"line":65,"column":4},"end":{"line":67,"column":5}},"27":{"start":{"line":66,"column":6},"end":{"line":66,"column":44}},"28":{"start":{"line":71,"column":17},"end":{"line":71,"column":34}},"29":{"start":{"line":72,"column":4},"end":{"line":72,"column":69}},"30":{"start":{"line":72,"column":34},"end":{"line":72,"column":67}},"31":{"start":{"line":76,"column":4},"end":{"line":78,"column":5}},"32":{"start":{"line":77,"column":6},"end":{"line":77,"column":43}},"33":{"start":{"line":82,"column":4},"end":{"line":84,"column":5}},"34":{"start":{"line":83,"column":6},"end":{"line":83,"column":43}},"35":{"start":{"line":88,"column":23},"end":{"line":88,"column":47}},"36":{"start":{"line":89,"column":4},"end":{"line":91,"column":5}},"37":{"start":{"line":90,"column":6},"end":{"line":90,"column":44}},"38":{"start":{"line":95,"column":23},"end":{"line":95,"column":25}},"39":{"start":{"line":96,"column":4},"end":{"line":98,"column":7}},"40":{"start":{"line":97,"column":6},"end":{"line":97,"column":57}},"41":{"start":{"line":99,"column":4},"end":{"line":99,"column":22}},"42":{"start":{"line":103,"column":26},"end":{"line":103,"column":28}},"43":{"start":{"line":104,"column":4},"end":{"line":108,"column":7}},"44":{"start":{"line":105,"column":6},"end":{"line":107,"column":7}},"45":{"start":{"line":106,"column":8},"end":{"line":106,"column":40}},"46":{"start":{"line":109,"column":4},"end":{"line":109,"column":32}},"47":{"start":{"line":113,"column":4},"end":{"line":113,"column":48}},"48":{"start":{"line":117,"column":48},"end":{"line":117,"column":58}},"49":{"start":{"line":118,"column":4},"end":{"line":120,"column":5}},"50":{"start":{"line":119,"column":6},"end":{"line":119,"column":18}},"51":{"start":{"line":121,"column":4},"end":{"line":121,"column":17}}},"fnMap":{"0":{"name":"(anonymous_0)","decl":{"start":{"line":11,"column":2},"end":{"line":11,"column":3}},"loc":{"start":{"line":11,"column":50},"end":{"line":15,"column":3}},"line":11},"1":{"name":"(anonymous_1)","decl":{"start":{"line":17,"column":2},"end":{"line":17,"column":3}},"loc":{"start":{"line":17,"column":14},"end":{"line":24,"column":3}},"line":17},"2":{"name":"(anonymous_2)","decl":{"start":{"line":19,"column":27},"end":{"line":19,"column":28}},"loc":{"start":{"line":19,"column":38},"end":{"line":23,"column":5}},"line":19},"3":{"name":"(anonymous_3)","decl":{"start":{"line":27,"column":31},"end":{"line":27,"column":32}},"loc":{"start":{"line":28,"column":6},"end":{"line":28,"column":48}},"line":28},"4":{"name":"(anonymous_4)","decl":{"start":{"line":31,"column":23},"end":{"line":31,"column":24}},"loc":{"start":{"line":31,"column":34},"end":{"line":31,"column":74}},"line":31},"5":{"name":"(anonymous_5)","decl":{"start":{"line":35,"column":46},"end":{"line":35,"column":47}},"loc":{"start":{"line":36,"column":6},"end":{"line":36,"column":34}},"line":36},"6":{"name":"(anonymous_6)","decl":{"start":{"line":40,"column":2},"end":{"line":40,"column":3}},"loc":{"start":{"line":40,"column":25},"end":{"line":48,"column":3}},"line":40},"7":{"name":"(anonymous_7)","decl":{"start":{"line":42,"column":23},"end":{"line":42,"column":24}},"loc":{"start":{"line":42,"column":34},"end":{"line":45,"column":5}},"line":42},"8":{"name":"(anonymous_8)","decl":{"start":{"line":64,"column":36},"end":{"line":64,"column":37}},"loc":{"start":{"line":64,"column":53},"end":{"line":64,"column":65}},"line":64},"9":{"name":"(anonymous_9)","decl":{"start":{"line":70,"column":2},"end":{"line":70,"column":3}},"loc":{"start":{"line":70,"column":14},"end":{"line":73,"column":3}},"line":70},"10":{"name":"(anonymous_10)","decl":{"start":{"line":72,"column":23},"end":{"line":72,"column":24}},"loc":{"start":{"line":72,"column":34},"end":{"line":72,"column":67}},"line":72},"11":{"name":"(anonymous_11)","decl":{"start":{"line":81,"column":2},"end":{"line":81,"column":3}},"loc":{"start":{"line":81,"column":19},"end":{"line":85,"column":3}},"line":81},"12":{"name":"(anonymous_12)","decl":{"start":{"line":87,"column":2},"end":{"line":87,"column":3}},"loc":{"start":{"line":87,"column":15},"end":{"line":92,"column":3}},"line":87},"13":{"name":"(anonymous_13)","decl":{"start":{"line":96,"column":35},"end":{"line":96,"column":36}},"loc":{"start":{"line":96,"column":47},"end":{"line":98,"column":5}},"line":96},"14":{"name":"(anonymous_14)","decl":{"start":{"line":104,"column":45},"end":{"line":104,"column":46}},"loc":{"start":{"line":104,"column":59},"end":{"line":108,"column":5}},"line":104}},"branchMap":{"0":{"loc":{"start":{"line":11,"column":20},"end":{"line":11,"column":33}},"type":"default-arg","locations":[{"start":{"line":11,"column":31},"end":{"line":11,"column":33}}],"line":11},"1":{"loc":{"start":{"line":11,"column":35},"end":{"line":11,"column":48}},"type":"default-arg","locations":[{"start":{"line":11,"column":46},"end":{"line":11,"column":48}}],"line":11},"2":{"loc":{"start":{"line":20,"column":6},"end":{"line":22,"column":7}},"type":"if","locations":[{"start":{"line":20,"column":6},"end":{"line":22,"column":7}},{"start":{},"end":{}}],"line":20},"3":{"loc":{"start":{"line":51,"column":4},"end":{"line":53,"column":5}},"type":"if","locations":[{"start":{"line":51,"column":4},"end":{"line":53,"column":5}},{"start":{},"end":{}}],"line":51},"4":{"loc":{"start":{"line":54,"column":4},"end":{"line":56,"column":5}},"type":"if","locations":[{"start":{"line":54,"column":4},"end":{"line":56,"column":5}},{"start":{},"end":{}}],"line":54},"5":{"loc":{"start":{"line":58,"column":4},"end":{"line":60,"column":5}},"type":"if","locations":[{"start":{"line":58,"column":4},"end":{"line":60,"column":5}},{"start":{},"end":{}}],"line":58},"6":{"loc":{"start":{"line":65,"column":4},"end":{"line":67,"column":5}},"type":"if","locations":[{"start":{"line":65,"column":4},"end":{"line":67,"column":5}},{"start":{},"end":{}}],"line":65},"7":{"loc":{"start":{"line":76,"column":4},"end":{"line":78,"column":5}},"type":"if","locations":[{"start":{"line":76,"column":4},"end":{"line":78,"column":5}},{"start":{},"end":{}}],"line":76},"8":{"loc":{"start":{"line":82,"column":4},"end":{"line":84,"column":5}},"type":"if","locations":[{"start":{"line":82,"column":4},"end":{"line":84,"column":5}},{"start":{},"end":{}}],"line":82},"9":{"loc":{"start":{"line":89,"column":4},"end":{"line":91,"column":5}},"type":"if","locations":[{"start":{"line":89,"column":4},"end":{"line":91,"column":5}},{"start":{},"end":{}}],"line":89},"10":{"loc":{"start":{"line":105,"column":6},"end":{"line":107,"column":7}},"type":"if","locations":[{"start":{"line":105,"column":6},"end":{"line":107,"column":7}},{"start":{},"end":{}}],"line":105},"11":{"loc":{"start":{"line":118,"column":4},"end":{"line":120,"column":5}},"type":"if","locations":[{"start":{"line":118,"column":4},"end":{"line":120,"column":5}},{"start":{},"end":{}}],"line":118},"12":{"loc":{"start":{"line":118,"column":8},"end":{"line":118,"column":69}},"type":"binary-expr","locations":[{"start":{"line":118,"column":8},"end":{"line":118,"column":23}},{"start":{"line":118,"column":27},"end":{"line":118,"column":37}},{"start":{"line":118,"column":41},"end":{"line":118,"column":54}},{"start":{"line":118,"column":58},"end":{"line":118,"column":69}}],"line":118}},"s":{"0":19,"1":19,"2":19,"3":19,"4":19,"5":32,"6":3,"7":19,"8":76,"9":19,"10":34,"11":76,"12":228,"13":16,"14":16,"15":27,"16":21,"17":10,"18":27,"19":4,"20":23,"21":1,"22":22,"23":1,"24":10,"25":11,"26":10,"27":1,"28":9,"29":9,"30":17,"31":17,"32":1,"33":8,"34":1,"35":7,"36":7,"37":3,"38":7,"39":7,"40":28,"41":7,"42":28,"43":28,"44":84,"45":14,"46":28,"47":84,"48":7,"49":7,"50":3,"51":4},"f":{"0":19,"1":19,"2":32,"3":76,"4":34,"5":228,"6":16,"7":27,"8":11,"9":9,"10":17,"11":8,"12":7,"13":28,"14":84},"b":{"0":[19],"1":[19],"2":[3,29],"3":[4,23],"4":[1,22],"5":[1,21],"6":[1,9],"7":[1,16],"8":[1,7],"9":[3,4],"10":[14,70],"11":[3,4],"12":[7,6,3,3]},"_coverageSchema":"1a1c01bbd47fc00a2c39e90264f33305004495a9","hash":"0aa32b3a69221f93c35262ff365eeeacba3a9ffd"}
,"/Users/ijonghyeon/Desktop/Desktop/woowa/javascript-christmas-6-JonghyunLEE12/src/domain/views/InputView.js": {"path":"/Users/ijonghyeon/Desktop/Desktop/woowa/javascript-christmas-6-JonghyunLEE12/src/domain/views/InputView.js","statementMap":{"0":{"start":{"line":5,"column":18},"end":{"line":19,"column":1}},"1":{"start":{"line":9,"column":21},"end":{"line":9,"column":73}},"2":{"start":{"line":10,"column":4},"end":{"line":10,"column":48}},"3":{"start":{"line":11,"column":4},"end":{"line":11,"column":20}},"4":{"start":{"line":15,"column":21},"end":{"line":15,"column":69}},"5":{"start":{"line":16,"column":4},"end":{"line":16,"column":59}},"6":{"start":{"line":17,"column":4},"end":{"line":17,"column":31}}},"fnMap":{"0":{"name":"(anonymous_0)","decl":{"start":{"line":8,"column":2},"end":{"line":8,"column":3}},"loc":{"start":{"line":8,"column":19},"end":{"line":12,"column":3}},"line":8},"1":{"name":"(anonymous_1)","decl":{"start":{"line":14,"column":2},"end":{"line":14,"column":3}},"loc":{"start":{"line":14,"column":19},"end":{"line":18,"column":3}},"line":14}},"branchMap":{},"s":{"0":1,"1":5,"2":5,"3":4,"4":5,"5":5,"6":4},"f":{"0":5,"1":5},"b":{},"_coverageSchema":"1a1c01bbd47fc00a2c39e90264f33305004495a9","hash":"5297c619033725dd6c7d6ef12ea965010af294bb"}
,"/Users/ijonghyeon/Desktop/Desktop/woowa/javascript-christmas-6-JonghyunLEE12/src/domain/views/OutputView.js": {"path":"/Users/ijonghyeon/Desktop/Desktop/woowa/javascript-christmas-6-JonghyunLEE12/src/domain/views/OutputView.js","statementMap":{"0":{"start":{"line":4,"column":19},"end":{"line":51,"column":1}},"1":{"start":{"line":6,"column":4},"end":{"line":6,"column":26}},"2":{"start":{"line":10,"column":4},"end":{"line":10,"column":27}},"3":{"start":{"line":14,"column":4},"end":{"line":16,"column":7}},"4":{"start":{"line":15,"column":6},"end":{"line":15,"column":49}},"5":{"start":{"line":20,"column":4},"end":{"line":20,"column":55}},"6":{"start":{"line":24,"column":4},"end":{"line":24,"column":47}},"7":{"start":{"line":28,"column":25},"end":{"line":30,"column":5}},"8":{"start":{"line":29,"column":17},"end":{"line":29,"column":31}},"9":{"start":{"line":31,"column":4},"end":{"line":34,"column":5}},"10":{"start":{"line":32,"column":6},"end":{"line":32,"column":42}},"11":{"start":{"line":33,"column":6},"end":{"line":33,"column":13}},"12":{"start":{"line":35,"column":4},"end":{"line":37,"column":7}},"13":{"start":{"line":36,"column":6},"end":{"line":36,"column":51}},"14":{"start":{"line":41,"column":4},"end":{"line":41,"column":50}},"15":{"start":{"line":45,"column":4},"end":{"line":45,"column":51}},"16":{"start":{"line":49,"column":4},"end":{"line":49,"column":48}}},"fnMap":{"0":{"name":"(anonymous_0)","decl":{"start":{"line":5,"column":2},"end":{"line":5,"column":3}},"loc":{"start":{"line":5,"column":25},"end":{"line":7,"column":3}},"line":5},"1":{"name":"(anonymous_1)","decl":{"start":{"line":9,"column":2},"end":{"line":9,"column":3}},"loc":{"start":{"line":9,"column":22},"end":{"line":11,"column":3}},"line":9},"2":{"name":"(anonymous_2)","decl":{"start":{"line":13,"column":2},"end":{"line":13,"column":3}},"loc":{"start":{"line":13,"column":28},"end":{"line":17,"column":3}},"line":13},"3":{"name":"(anonymous_3)","decl":{"start":{"line":14,"column":22},"end":{"line":14,"column":23}},"loc":{"start":{"line":14,"column":33},"end":{"line":16,"column":5}},"line":14},"4":{"name":"(anonymous_4)","decl":{"start":{"line":19,"column":2},"end":{"line":19,"column":3}},"loc":{"start":{"line":19,"column":32},"end":{"line":21,"column":3}},"line":19},"5":{"name":"(anonymous_5)","decl":{"start":{"line":23,"column":2},"end":{"line":23,"column":3}},"loc":{"start":{"line":23,"column":20},"end":{"line":25,"column":3}},"line":23},"6":{"name":"(anonymous_6)","decl":{"start":{"line":27,"column":2},"end":{"line":27,"column":3}},"loc":{"start":{"line":27,"column":25},"end":{"line":38,"column":3}},"line":27},"7":{"name":"(anonymous_7)","decl":{"start":{"line":29,"column":6},"end":{"line":29,"column":7}},"loc":{"start":{"line":29,"column":17},"end":{"line":29,"column":31}},"line":29},"8":{"name":"(anonymous_8)","decl":{"start":{"line":35,"column":25},"end":{"line":35,"column":26}},"loc":{"start":{"line":35,"column":36},"end":{"line":37,"column":5}},"line":35},"9":{"name":"(anonymous_9)","decl":{"start":{"line":40,"column":2},"end":{"line":40,"column":3}},"loc":{"start":{"line":40,"column":27},"end":{"line":42,"column":3}},"line":40},"10":{"name":"(anonymous_10)","decl":{"start":{"line":44,"column":2},"end":{"line":44,"column":3}},"loc":{"start":{"line":44,"column":24},"end":{"line":46,"column":3}},"line":44},"11":{"name":"(anonymous_11)","decl":{"start":{"line":48,"column":2},"end":{"line":48,"column":3}},"loc":{"start":{"line":48,"column":26},"end":{"line":50,"column":3}},"line":48}},"branchMap":{"0":{"loc":{"start":{"line":31,"column":4},"end":{"line":34,"column":5}},"type":"if","locations":[{"start":{"line":31,"column":4},"end":{"line":34,"column":5}},{"start":{},"end":{}}],"line":31}},"s":{"0":1,"1":36,"2":2,"3":4,"4":8,"5":4,"6":4,"7":4,"8":20,"9":4,"10":1,"11":1,"12":3,"13":8,"14":4,"15":4,"16":4},"f":{"0":36,"1":2,"2":4,"3":8,"4":4,"5":4,"6":4,"7":20,"8":8,"9":4,"10":4,"11":4},"b":{"0":[1,3]},"_coverageSchema":"1a1c01bbd47fc00a2c39e90264f33305004495a9","hash":"e9184f12e9eed6ce9a23c7dba62bc21c9079119c"}
}
