TN:
SF:src/App.js
FN:6,(anonymous_0)
FN:10,(anonymous_1)
FNF:2
FNH:2
FNDA:4,(anonymous_0)
FNDA:4,(anonymous_1)
DA:7,4
DA:11,4
LF:2
LH:2
BRF:0
BRH:0
end_of_record
TN:
SF:src/domain/constants/Constants.js
FN:23,(anonymous_0)
FN:24,(anonymous_1)
FNF:2
FNH:2
FNDA:12,(anonymous_0)
FNDA:9,(anonymous_1)
DA:1,2
DA:9,2
DA:22,2
DA:23,12
DA:24,9
LF:5
LH:5
BRF:0
BRH:0
end_of_record
TN:
SF:src/domain/constants/FoodMenu.js
FNF:0
FNH:0
DA:16,3
LF:1
LH:1
BRF:0
BRH:0
end_of_record
TN:
SF:src/domain/constants/PlannerMsg.js
FN:3,(anonymous_0)
FN:38,(anonymous_1)
FN:39,(anonymous_2)
FN:40,(anonymous_3)
FN:42,(anonymous_4)
FN:52,(anonymous_5)
FN:56,(anonymous_6)
FN:57,(anonymous_7)
FNF:8
FNH:8
FNDA:4,(anonymous_0)
FNDA:8,(anonymous_1)
FNDA:4,(anonymous_2)
FNDA:4,(anonymous_3)
FNDA:8,(anonymous_4)
FNDA:4,(anonymous_5)
FNDA:4,(anonymous_6)
FNDA:12,(anonymous_7)
DA:1,3
DA:4,4
DA:14,3
DA:22,3
DA:29,3
DA:37,3
DA:38,8
DA:39,4
DA:40,4
DA:43,8
DA:50,8
DA:53,4
DA:56,4
DA:58,12
DA:59,4
DA:61,8
DA:62,3
DA:64,5
DA:65,2
DA:67,3
LF:20
LH:20
BRDA:40,0,0,1
BRDA:40,0,1,3
BRDA:53,1,0,1
BRDA:53,1,1,3
BRDA:58,2,0,4
BRDA:58,2,1,8
BRDA:61,3,0,3
BRDA:61,3,1,5
BRDA:61,4,0,8
BRDA:61,4,1,8
BRDA:64,5,0,2
BRDA:64,5,1,3
BRDA:64,6,0,5
BRDA:64,6,1,5
BRF:14
BRH:14
end_of_record
TN:
SF:src/domain/controller/PlannerController.js
FN:8,(anonymous_0)
FN:12,(anonymous_1)
FNF:2
FNH:2
FNDA:4,(anonymous_0)
FNDA:4,(anonymous_1)
DA:9,4
DA:13,4
DA:14,4
DA:18,5
DA:19,5
DA:20,4
DA:21,4
DA:23,1
DA:24,1
DA:29,5
DA:30,5
DA:31,4
DA:32,4
DA:34,1
DA:35,1
DA:40,4
DA:43,4
DA:47,4
DA:48,4
DA:49,4
DA:53,4
DA:54,4
DA:58,4
DA:59,4
DA:63,4
DA:64,4
DA:65,4
DA:69,4
DA:70,4
DA:74,4
DA:75,4
DA:79,4
DA:80,4
DA:81,4
DA:85,4
DA:86,4
DA:87,4
DA:91,4
DA:92,4
LF:39
LH:39
BRF:0
BRH:0
end_of_record
TN:
SF:src/domain/model/PlannerData.js
FN:6,(anonymous_0)
FN:11,(anonymous_1)
FN:15,(anonymous_2)
FN:19,(anonymous_3)
FN:23,(anonymous_4)
FN:24,(anonymous_5)
FNF:6
FNH:6
FNDA:12,(anonymous_0)
FNDA:12,(anonymous_1)
FNDA:16,(anonymous_2)
FNDA:12,(anonymous_3)
FNDA:16,(anonymous_4)
FNDA:33,(anonymous_5)
DA:7,12
DA:8,12
DA:12,12
DA:16,16
DA:20,12
DA:24,33
LF:6
LH:6
BRF:0
BRH:0
end_of_record
TN:
SF:src/domain/utils/InputValidator.js
FN:7,(anonymous_0)
FN:11,(anonymous_1)
FN:18,(anonymous_2)
FNF:3
FNH:3
FNDA:3,(anonymous_0)
FNDA:15,(anonymous_1)
FNDA:19,(anonymous_2)
DA:8,3
DA:12,15
DA:13,15
DA:14,9
DA:15,7
DA:19,19
DA:20,19
DA:21,16
DA:22,9
DA:23,8
DA:24,7
LF:11
LH:11
BRF:0
BRH:0
end_of_record
TN:
SF:src/domain/utils/PlannerUtills.js
FN:17,(anonymous_0)
FN:24,(anonymous_1)
FN:26,(anonymous_2)
FN:27,(anonymous_3)
FN:36,(anonymous_4)
FN:39,(anonymous_5)
FN:42,(anonymous_6)
FN:97,(anonymous_7)
FN:98,(anonymous_8)
FN:103,(anonymous_9)
FN:106,(anonymous_10)
FN:108,(anonymous_11)
FN:113,(anonymous_12)
FNF:13
FNH:13
FNDA:12,(anonymous_0)
FNDA:39,(anonymous_1)
FNDA:156,(anonymous_2)
FNDA:468,(anonymous_3)
FNDA:82,(anonymous_4)
FNDA:43,(anonymous_5)
FNDA:10,(anonymous_6)
FNDA:20,(anonymous_7)
FNDA:19,(anonymous_8)
FNDA:10,(anonymous_9)
FNDA:17,(anonymous_10)
FNDA:68,(anonymous_11)
FNDA:7,(anonymous_12)
DA:18,12
DA:19,12
DA:20,12
DA:21,12
DA:25,39
DA:26,39
DA:27,156
DA:28,468
DA:31,39
DA:35,39
DA:36,39
DA:37,82
DA:39,43
DA:43,10
DA:44,9
DA:45,9
DA:46,9
DA:47,9
DA:48,9
DA:50,10
DA:54,9
DA:55,0
DA:57,9
DA:61,9
DA:62,8
DA:66,1
DA:70,9
DA:71,1
DA:75,8
DA:79,9
DA:80,2
DA:82,7
DA:83,3
DA:85,4
DA:89,9
DA:90,4
DA:92,5
DA:96,9
DA:97,20
DA:98,9
DA:99,19
DA:100,10
DA:103,10
DA:107,17
DA:108,68
DA:110,17
DA:114,7
DA:115,2
DA:119,5
LF:49
LH:48
BRDA:43,0,0,9
BRDA:43,0,1,1
BRDA:54,1,0,0
BRDA:54,1,1,9
BRDA:61,2,0,8
BRDA:61,2,1,1
BRDA:70,3,0,1
BRDA:70,3,1,8
BRDA:79,4,0,2
BRDA:79,4,1,7
BRDA:82,5,0,3
BRDA:82,5,1,4
BRDA:89,6,0,4
BRDA:89,6,1,5
BRDA:99,7,0,10
BRDA:99,7,1,9
BRDA:114,8,0,2
BRDA:114,8,1,5
BRF:18
BRH:17
end_of_record
TN:
SF:src/domain/utils/validator/DateValidate.js
FN:8,(anonymous_0)
FN:13,(anonymous_1)
FN:19,(anonymous_2)
FN:25,(anonymous_3)
FNF:4
FNH:4
FNDA:15,(anonymous_0)
FNDA:15,(anonymous_1)
FNDA:9,(anonymous_2)
FNDA:7,(anonymous_3)
DA:9,15
DA:10,15
DA:14,15
DA:15,6
DA:20,9
DA:21,2
DA:26,7
DA:27,3
LF:8
LH:8
BRDA:14,0,0,6
BRDA:14,0,1,9
BRDA:20,1,0,2
BRDA:20,1,1,7
BRDA:26,2,0,3
BRDA:26,2,1,4
BRDA:26,3,0,7
BRDA:26,3,1,5
BRF:8
BRH:8
end_of_record
TN:
SF:src/domain/utils/validator/MenuValidate.js
FN:11,(anonymous_0)
FN:17,(anonymous_1)
FN:19,(anonymous_2)
FN:27,(anonymous_3)
FN:31,(anonymous_4)
FN:35,(anonymous_5)
FN:40,(anonymous_6)
FN:42,(anonymous_7)
FN:64,(anonymous_8)
FN:70,(anonymous_9)
FN:72,(anonymous_10)
FN:81,(anonymous_11)
FN:87,(anonymous_12)
FN:96,(anonymous_13)
FN:104,(anonymous_14)
FNF:15
FNH:15
FNDA:19,(anonymous_0)
FNDA:19,(anonymous_1)
FNDA:32,(anonymous_2)
FNDA:76,(anonymous_3)
FNDA:34,(anonymous_4)
FNDA:228,(anonymous_5)
FNDA:16,(anonymous_6)
FNDA:27,(anonymous_7)
FNDA:11,(anonymous_8)
FNDA:9,(anonymous_9)
FNDA:17,(anonymous_10)
FNDA:8,(anonymous_11)
FNDA:7,(anonymous_12)
FNDA:28,(anonymous_13)
FNDA:84,(anonymous_14)
DA:12,19
DA:13,19
DA:14,19
DA:18,19
DA:19,19
DA:20,32
DA:21,3
DA:27,19
DA:28,76
DA:31,34
DA:35,76
DA:36,228
DA:41,16
DA:42,16
DA:43,27
DA:44,21
DA:47,10
DA:51,27
DA:52,4
DA:54,23
DA:55,1
DA:58,22
DA:59,1
DA:64,11
DA:65,10
DA:66,1
DA:71,9
DA:72,17
DA:76,17
DA:77,1
DA:82,8
DA:83,1
DA:88,7
DA:89,7
DA:90,3
DA:95,7
DA:96,7
DA:97,28
DA:99,7
DA:103,28
DA:104,28
DA:105,84
DA:106,14
DA:109,28
DA:113,84
DA:117,7
DA:118,7
DA:119,3
DA:121,4
LF:49
LH:49
BRDA:11,0,0,19
BRDA:11,1,0,19
BRDA:20,2,0,3
BRDA:20,2,1,29
BRDA:51,3,0,4
BRDA:51,3,1,23
BRDA:54,4,0,1
BRDA:54,4,1,22
BRDA:58,5,0,1
BRDA:58,5,1,21
BRDA:65,6,0,1
BRDA:65,6,1,9
BRDA:76,7,0,1
BRDA:76,7,1,16
BRDA:82,8,0,1
BRDA:82,8,1,7
BRDA:89,9,0,3
BRDA:89,9,1,4
BRDA:105,10,0,14
BRDA:105,10,1,70
BRDA:118,11,0,3
BRDA:118,11,1,4
BRDA:118,12,0,7
BRDA:118,12,1,6
BRDA:118,12,2,3
BRDA:118,12,3,3
BRF:26
BRH:26
end_of_record
TN:
SF:src/domain/views/InputView.js
FN:8,(anonymous_0)
FN:14,(anonymous_1)
FNF:2
FNH:2
FNDA:5,(anonymous_0)
FNDA:5,(anonymous_1)
DA:5,1
DA:9,5
DA:10,5
DA:11,4
DA:15,5
DA:16,5
DA:17,4
LF:7
LH:7
BRF:0
BRH:0
end_of_record
TN:
SF:src/domain/views/OutputView.js
FN:5,(anonymous_0)
FN:9,(anonymous_1)
FN:13,(anonymous_2)
FN:14,(anonymous_3)
FN:19,(anonymous_4)
FN:23,(anonymous_5)
FN:27,(anonymous_6)
FN:29,(anonymous_7)
FN:35,(anonymous_8)
FN:40,(anonymous_9)
FN:44,(anonymous_10)
FN:48,(anonymous_11)
FNF:12
FNH:12
FNDA:36,(anonymous_0)
FNDA:2,(anonymous_1)
FNDA:4,(anonymous_2)
FNDA:8,(anonymous_3)
FNDA:4,(anonymous_4)
FNDA:4,(anonymous_5)
FNDA:4,(anonymous_6)
FNDA:20,(anonymous_7)
FNDA:8,(anonymous_8)
FNDA:4,(anonymous_9)
FNDA:4,(anonymous_10)
FNDA:4,(anonymous_11)
DA:4,1
DA:6,36
DA:10,2
DA:14,4
DA:15,8
DA:20,4
DA:24,4
DA:28,4
DA:29,20
DA:31,4
DA:32,1
DA:33,1
DA:35,3
DA:36,8
DA:41,4
DA:45,4
DA:49,4
LF:17
LH:17
BRDA:31,0,0,1
BRDA:31,0,1,3
BRF:2
BRH:2
end_of_record
